Using pre-set license
Built from '2021.3/staging' branch; Version is '2021.3.22f1 (b6c551784ba3) revision 11978065'; Using compiler version '192829333'; Build Type 'Release'
OS: 'Windows 11  (10.0.22621) 64bit Core' Language: 'zh' Physical Memory: 16176 MB
BatchMode: 1, IsHumanControllingUs: 0, StartBugReporterOnCrash: 0, Is64bit: 1, IsPro: 1

COMMAND LINE ARGUMENTS:
C:\Program Files\Unity\Hub\Editor\2021.3.22f1\Editor\Unity.exe
-adb2
-batchMode
-noUpm
-name
AssetImportWorker2
-projectPath
C:/Users/cfb06/Fruit Ninja
-logFile
Logs/AssetImportWorker2.log
-srvPort
60594
Successfully changed project path to: C:/Users/cfb06/Fruit Ninja
C:/Users/cfb06/Fruit Ninja
[UnityMemory] Configuration Parameters - Can be set up in boot.config
    "memorysetup-bucket-allocator-granularity=16"
    "memorysetup-bucket-allocator-bucket-count=8"
    "memorysetup-bucket-allocator-block-size=33554432"
    "memorysetup-bucket-allocator-block-count=8"
    "memorysetup-main-allocator-block-size=16777216"
    "memorysetup-thread-allocator-block-size=16777216"
    "memorysetup-gfx-main-allocator-block-size=16777216"
    "memorysetup-gfx-thread-allocator-block-size=16777216"
    "memorysetup-cache-allocator-block-size=4194304"
    "memorysetup-typetree-allocator-block-size=2097152"
    "memorysetup-profiler-bucket-allocator-granularity=16"
    "memorysetup-profiler-bucket-allocator-bucket-count=8"
    "memorysetup-profiler-bucket-allocator-block-size=33554432"
    "memorysetup-profiler-bucket-allocator-block-count=8"
    "memorysetup-profiler-allocator-block-size=16777216"
    "memorysetup-profiler-editor-allocator-block-size=1048576"
    "memorysetup-temp-allocator-size-main=16777216"
    "memorysetup-job-temp-allocator-block-size=2097152"
    "memorysetup-job-temp-allocator-block-size-background=1048576"
    "memorysetup-job-temp-allocator-reduction-small-platforms=262144"
    "memorysetup-temp-allocator-size-background-worker=32768"
    "memorysetup-temp-allocator-size-job-worker=262144"
    "memorysetup-temp-allocator-size-preload-manager=33554432"
    "memorysetup-temp-allocator-size-nav-mesh-worker=65536"
    "memorysetup-temp-allocator-size-audio-worker=65536"
    "memorysetup-temp-allocator-size-cloud-worker=32768"
    "memorysetup-temp-allocator-size-gi-baking-worker=262144"
    "memorysetup-temp-allocator-size-gfx=262144"
Player connection [28108] Host "[IP] 10.0.0.105 [Port] 0 [Flags] 2 [Guid] 946908513 [EditorId] 946908513 [Version] 1048832 [Id] WindowsEditor(7,Oliver) [Debug] 1 [PackageName] WindowsEditor [ProjectName] Editor" joined multi-casting on [225.0.0.222:54997]...

Player connection [28108] Host "[IP] 10.0.0.105 [Port] 0 [Flags] 2 [Guid] 946908513 [EditorId] 946908513 [Version] 1048832 [Id] WindowsEditor(7,Oliver) [Debug] 1 [PackageName] WindowsEditor [ProjectName] Editor" joined alternative multi-casting on [225.0.0.222:34997]...

Refreshing native plugins compatible for Editor in 60.27 ms, found 3 plugins.
Preloading 0 native plugins for Editor in 0.00 ms.
Initialize engine version: 2021.3.22f1 (b6c551784ba3)
[Subsystems] Discovering subsystems at path C:/Program Files/Unity/Hub/Editor/2021.3.22f1/Editor/Data/Resources/UnitySubsystems
[Subsystems] Discovering subsystems at path C:/Users/cfb06/Fruit Ninja/Assets
GfxDevice: creating device client; threaded=0; jobified=0
Direct3D:
    Version:  Direct3D 11.0 [level 11.1]
    Renderer: NVIDIA GeForce RTX 3070 Ti Laptop GPU (ID=0x24e0)
    Vendor:   NVIDIA
    VRAM:     8032 MB
    Driver:   31.0.15.2799
Initialize mono
Mono path[0] = 'C:/Program Files/Unity/Hub/Editor/2021.3.22f1/Editor/Data/Managed'
Mono path[1] = 'C:/Program Files/Unity/Hub/Editor/2021.3.22f1/Editor/Data/MonoBleedingEdge/lib/mono/unityjit-win32'
Mono config path = 'C:/Program Files/Unity/Hub/Editor/2021.3.22f1/Editor/Data/MonoBleedingEdge/etc'
Using monoOptions --debugger-agent=transport=dt_socket,embedding=1,server=y,suspend=n,address=127.0.0.1:56056
Begin MonoManager ReloadAssembly
Registering precompiled unity dll's ...
Register platform support module: C:/Program Files/Unity/Hub/Editor/2021.3.22f1/Editor/Data/PlaybackEngines/WebGLSupport/UnityEditor.WebGL.Extensions.dll
Register platform support module: C:/Program Files/Unity/Hub/Editor/2021.3.22f1/Editor/Data/PlaybackEngines/AndroidPlayer/UnityEditor.Android.Extensions.dll
Register platform support module: C:/Program Files/Unity/Hub/Editor/2021.3.22f1/Editor/Data/PlaybackEngines/WindowsStandaloneSupport/UnityEditor.WindowsStandalone.Extensions.dll
Registered in 0.005676 seconds.
Native extension for WindowsStandalone target not found
Native extension for Android target not found
Android Extension - Scanning For ADB Devices 232 ms
Native extension for WebGL target not found
Refreshing native plugins compatible for Editor in 50.69 ms, found 3 plugins.
Preloading 0 native plugins for Editor in 0.00 ms.
Mono: successfully reloaded assembly
- Completed reload, in  0.793 seconds
Domain Reload Profiling:
	ReloadAssembly (793ms)
		BeginReloadAssembly (98ms)
			ExecutionOrderSort (0ms)
			DisableScriptedObjects (0ms)
			BackupInstance (0ms)
			ReleaseScriptingObjects (0ms)
			CreateAndSetChildDomain (1ms)
		EndReloadAssembly (623ms)
			LoadAssemblies (97ms)
			RebuildTransferFunctionScriptingTraits (0ms)
			SetupTypeCache (76ms)
			ReleaseScriptCaches (0ms)
			RebuildScriptCaches (22ms)
			SetupLoadedEditorAssemblies (444ms)
				LogAssemblyErrors (0ms)
				InitializePlatformSupportModulesInManaged (296ms)
				SetLoadedEditorAssemblies (0ms)
				RefreshPlugins (51ms)
				BeforeProcessingInitializeOnLoad (1ms)
				ProcessInitializeOnLoadAttributes (65ms)
				ProcessInitializeOnLoadMethodAttributes (32ms)
				AfterProcessingInitializeOnLoad (0ms)
				EditorAssembliesLoaded (0ms)
			ExecutionOrderSort2 (0ms)
			AwakeInstancesAfterBackupRestoration (0ms)
Platform modules already initialized, skipping
Registering precompiled user dll's ...
Registered in 0.003008 seconds.
Begin MonoManager ReloadAssembly
Symbol file LoadedFromMemory doesn't match image C:\Users\cfb06\Fruit Ninja\Library\PackageCache\com.unity.visualscripting@1.8.0\Editor\VisualScripting.Core\Dependencies\YamlDotNet\Unity.VisualScripting.YamlDotNet.dll
Symbol file LoadedFromMemory doesn't match image C:\Users\cfb06\Fruit Ninja\Library\PackageCache\com.unity.visualscripting@1.8.0\Editor\VisualScripting.Core\Dependencies\DotNetZip\Unity.VisualScripting.IonicZip.dll
Native extension for WindowsStandalone target not found
Native extension for Android target not found
Native extension for WebGL target not found
Refreshing native plugins compatible for Editor in 0.54 ms, found 3 plugins.
Preloading 0 native plugins for Editor in 0.00 ms.
Mono: successfully reloaded assembly
- Completed reload, in  0.740 seconds
Domain Reload Profiling:
	ReloadAssembly (740ms)
		BeginReloadAssembly (87ms)
			ExecutionOrderSort (0ms)
			DisableScriptedObjects (4ms)
			BackupInstance (0ms)
			ReleaseScriptingObjects (0ms)
			CreateAndSetChildDomain (16ms)
		EndReloadAssembly (570ms)
			LoadAssemblies (64ms)
			RebuildTransferFunctionScriptingTraits (0ms)
			SetupTypeCache (194ms)
			ReleaseScriptCaches (0ms)
			RebuildScriptCaches (35ms)
			SetupLoadedEditorAssemblies (239ms)
				LogAssemblyErrors (0ms)
				InitializePlatformSupportModulesInManaged (13ms)
				SetLoadedEditorAssemblies (0ms)
				RefreshPlugins (1ms)
				BeforeProcessingInitializeOnLoad (53ms)
				ProcessInitializeOnLoadAttributes (150ms)
				ProcessInitializeOnLoadMethodAttributes (13ms)
				AfterProcessingInitializeOnLoad (10ms)
				EditorAssembliesLoaded (0ms)
			ExecutionOrderSort2 (0ms)
			AwakeInstancesAfterBackupRestoration (5ms)
Platform modules already initialized, skipping
========================================================================
Worker process is ready to serve import requests
Launched and connected shader compiler UnityShaderCompiler.exe after 0.04 seconds
Refreshing native plugins compatible for Editor in 0.42 ms, found 3 plugins.
Preloading 0 native plugins for Editor in 0.00 ms.
Unloading 3050 Unused Serialized files (Serialized files now loaded: 0)
Unloading 24 unused Assets / (113.9 KB). Loaded Objects now: 3514.
Memory consumption went from 112.2 MB to 112.1 MB.
Total: 2.249100 ms (FindLiveObjects: 0.168200 ms CreateObjectMapping: 0.078100 ms MarkObjects: 1.916000 ms  DeleteObjects: 0.085600 ms)

AssetImportParameters requested are different than current active one (requested -> active):
  custom:video-decoder-ogg-theora: a1e56fd34408186e4bbccfd4996cb3dc -> 
  custom:container-muxer-webm: aa71ff27fc2769a1b78a27578f13a17b -> 
  custom:container-demuxer-webm: 4f35f7cbe854078d1ac9338744f61a02 -> 
  custom:video-encoder-webm-vp8: eb34c28f22e8b96e1ab97ce403110664 -> 
  custom:video-codec-MediaFoundation-h265: 746d11721c4dcdbdad8f713fa42b33f4 -> 
  custom:audio-encoder-webm-vorbis: bf7c407c2cedff20999df2af8eb42d56 -> 
  custom:framework-win-MediaFoundation: 216162199b28c13a410421893ffa2e32 -> 
  custom:container-demuxer-ogg: 62fdf1f143b41e24485cea50d1cbac27 -> 
  custom:video-decoder-webm-vp8: 9c59270c3fd7afecdb556c50c9e8de78 -> 
  custom:audio-decoder-ogg-vorbis: bf7c407c2cedff20999df2af8eb42d56 -> 
========================================================================
Received Import Request.
  Time since last request: 30483.217318 seconds.
  path: Assets/Prefabs/Watermelon.prefab
  artifactKey: Guid(9e4fcbd50bc02c54caf9626e631636c1) Importer(815301076,1909f56bfc062723c751e8b465ee728b)
Start importing Assets/Prefabs/Watermelon.prefab using Guid(9e4fcbd50bc02c54caf9626e631636c1) Importer(815301076,1909f56bfc062723c751e8b465ee728b)  -> (artifact id: 'bd8a517bc926a423de7b298a414b804d') in 0.117821 seconds 
========================================================================
Received Import Request.
  Time since last request: 0.000022 seconds.
  path: Assets/Prefabs/Apple.prefab
  artifactKey: Guid(158b3b411568b514fa2776735b71e9b3) Importer(815301076,1909f56bfc062723c751e8b465ee728b)
Start importing Assets/Prefabs/Apple.prefab using Guid(158b3b411568b514fa2776735b71e9b3) Importer(815301076,1909f56bfc062723c751e8b465ee728b)  -> (artifact id: 'e4c560a0ce5b9fc598d9b34aff4dcb15') in 0.016050 seconds 
========================================================================
Received Import Request.
  Time since last request: 6.618675 seconds.
  path: Assets/Prefabs/Apple.prefab
  artifactKey: Guid(158b3b411568b514fa2776735b71e9b3) Importer(815301076,1909f56bfc062723c751e8b465ee728b)
Start importing Assets/Prefabs/Apple.prefab using Guid(158b3b411568b514fa2776735b71e9b3) Importer(815301076,1909f56bfc062723c751e8b465ee728b)  -> (artifact id: '9acba662c6edc3276d98221bab60f2d0') in 0.023422 seconds 
========================================================================
Received Import Request.
  Time since last request: 0.000018 seconds.
  path: Assets/Prefabs/Orange.prefab
  artifactKey: Guid(be1e08230b408c74d9ec2dd31204ea07) Importer(815301076,1909f56bfc062723c751e8b465ee728b)
Start importing Assets/Prefabs/Orange.prefab using Guid(be1e08230b408c74d9ec2dd31204ea07) Importer(815301076,1909f56bfc062723c751e8b465ee728b)  -> (artifact id: '517baf8c2f8e7d37ab81103c874b0399') in 0.019680 seconds 
========================================================================
Received Import Request.
  Time since last request: 22.734929 seconds.
  path: Assets/Prefabs/Apple.prefab
  artifactKey: Guid(158b3b411568b514fa2776735b71e9b3) Importer(815301076,1909f56bfc062723c751e8b465ee728b)
Start importing Assets/Prefabs/Apple.prefab using Guid(158b3b411568b514fa2776735b71e9b3) Importer(815301076,1909f56bfc062723c751e8b465ee728b)  -> (artifact id: 'ea90c395b1bbfabf531fe14356be89e9') in 0.044180 seconds 
========================================================================
Received Import Request.
  Time since last request: 0.000228 seconds.
  path: Assets/Prefabs/Lemon.prefab
  artifactKey: Guid(187ceedf9c1db7a4cb2111bb462bf627) Importer(815301076,1909f56bfc062723c751e8b465ee728b)
Start importing Assets/Prefabs/Lemon.prefab using Guid(187ceedf9c1db7a4cb2111bb462bf627) Importer(815301076,1909f56bfc062723c751e8b465ee728b)  -> (artifact id: '67492180d6d6b0f9aafbc2aa39464fee') in 0.012628 seconds 
========================================================================
Received Import Request.
  Time since last request: 12.296925 seconds.
  path: Assets/Prefabs/Apple.prefab
  artifactKey: Guid(158b3b411568b514fa2776735b71e9b3) Importer(815301076,1909f56bfc062723c751e8b465ee728b)
Start importing Assets/Prefabs/Apple.prefab using Guid(158b3b411568b514fa2776735b71e9b3) Importer(815301076,1909f56bfc062723c751e8b465ee728b)  -> (artifact id: '15fb92e8baa8a7e81d169d579b658a9c') in 0.101371 seconds 
========================================================================
Received Import Request.
  Time since last request: 0.000016 seconds.
  path: Assets/Prefabs/Lemon.prefab
  artifactKey: Guid(187ceedf9c1db7a4cb2111bb462bf627) Importer(815301076,1909f56bfc062723c751e8b465ee728b)
Start importing Assets/Prefabs/Lemon.prefab using Guid(187ceedf9c1db7a4cb2111bb462bf627) Importer(815301076,1909f56bfc062723c751e8b465ee728b)  -> (artifact id: '6b31decfb0a69dc968e51d4240ad3da9') in 0.010470 seconds 
========================================================================
Received Import Request.
  Time since last request: 4.305952 seconds.
  path: Assets/Prefabs/Apple.prefab
  artifactKey: Guid(158b3b411568b514fa2776735b71e9b3) Importer(815301076,1909f56bfc062723c751e8b465ee728b)
Start importing Assets/Prefabs/Apple.prefab using Guid(158b3b411568b514fa2776735b71e9b3) Importer(815301076,1909f56bfc062723c751e8b465ee728b)  -> (artifact id: '12669121f826fbafbd58c03cd1d217b3') in 0.024520 seconds 
========================================================================
Received Import Request.
  Time since last request: 0.000403 seconds.
  path: Assets/Prefabs/Lemon.prefab
  artifactKey: Guid(187ceedf9c1db7a4cb2111bb462bf627) Importer(815301076,1909f56bfc062723c751e8b465ee728b)
Start importing Assets/Prefabs/Lemon.prefab using Guid(187ceedf9c1db7a4cb2111bb462bf627) Importer(815301076,1909f56bfc062723c751e8b465ee728b)  -> (artifact id: '6975ced61b00b07ba8ded1c6dd6520ff') in 0.014968 seconds 
========================================================================
Received Import Request.
  Time since last request: 9.513868 seconds.
  path: Assets/Prefabs/Apple.prefab
  artifactKey: Guid(158b3b411568b514fa2776735b71e9b3) Importer(815301076,1909f56bfc062723c751e8b465ee728b)
Start importing Assets/Prefabs/Apple.prefab using Guid(158b3b411568b514fa2776735b71e9b3) Importer(815301076,1909f56bfc062723c751e8b465ee728b)  -> (artifact id: 'adfbbc87438f0b946c8b5216e75d2416') in 0.016434 seconds 
========================================================================
Received Import Request.
  Time since last request: 0.000012 seconds.
  path: Assets/Prefabs/Orange.prefab
  artifactKey: Guid(be1e08230b408c74d9ec2dd31204ea07) Importer(815301076,1909f56bfc062723c751e8b465ee728b)
Start importing Assets/Prefabs/Orange.prefab using Guid(be1e08230b408c74d9ec2dd31204ea07) Importer(815301076,1909f56bfc062723c751e8b465ee728b)  -> (artifact id: 'c681bdd32dd7cf2455d0cc8bca9a4b6e') in 0.023379 seconds 
========================================================================
Received Import Request.
  Time since last request: 7.865292 seconds.
  path: Assets/Prefabs/Apple.prefab
  artifactKey: Guid(158b3b411568b514fa2776735b71e9b3) Importer(815301076,1909f56bfc062723c751e8b465ee728b)
Start importing Assets/Prefabs/Apple.prefab using Guid(158b3b411568b514fa2776735b71e9b3) Importer(815301076,1909f56bfc062723c751e8b465ee728b)  -> (artifact id: '6336e553f5a98b97790c35b2a6533ed6') in 0.064757 seconds 
========================================================================
Received Import Request.
  Time since last request: 0.000014 seconds.
  path: Assets/Prefabs/Orange.prefab
  artifactKey: Guid(be1e08230b408c74d9ec2dd31204ea07) Importer(815301076,1909f56bfc062723c751e8b465ee728b)
Start importing Assets/Prefabs/Orange.prefab using Guid(be1e08230b408c74d9ec2dd31204ea07) Importer(815301076,1909f56bfc062723c751e8b465ee728b)  -> (artifact id: 'f544c94959f8bc1929f634e738eb3849') in 0.086685 seconds 
========================================================================
Received Import Request.
  Time since last request: 2.188398 seconds.
  path: Assets/Prefabs/Apple.prefab
  artifactKey: Guid(158b3b411568b514fa2776735b71e9b3) Importer(815301076,1909f56bfc062723c751e8b465ee728b)
Start importing Assets/Prefabs/Apple.prefab using Guid(158b3b411568b514fa2776735b71e9b3) Importer(815301076,1909f56bfc062723c751e8b465ee728b)  -> (artifact id: '33e3c4f7e259288949101758be72057e') in 0.013391 seconds 
========================================================================
Received Import Request.
  Time since last request: 0.000019 seconds.
  path: Assets/Prefabs/Orange.prefab
  artifactKey: Guid(be1e08230b408c74d9ec2dd31204ea07) Importer(815301076,1909f56bfc062723c751e8b465ee728b)
Start importing Assets/Prefabs/Orange.prefab using Guid(be1e08230b408c74d9ec2dd31204ea07) Importer(815301076,1909f56bfc062723c751e8b465ee728b)  -> (artifact id: 'aeef10e868ae191f08c742987ef8fa59') in 0.015274 seconds 
========================================================================
Received Import Request.
  Time since last request: 3.170670 seconds.
  path: Assets/Prefabs/Apple.prefab
  artifactKey: Guid(158b3b411568b514fa2776735b71e9b3) Importer(815301076,1909f56bfc062723c751e8b465ee728b)
Start importing Assets/Prefabs/Apple.prefab using Guid(158b3b411568b514fa2776735b71e9b3) Importer(815301076,1909f56bfc062723c751e8b465ee728b)  -> (artifact id: 'f1b5f89954530c5c5150e34ac748bf1e') in 0.027574 seconds 
========================================================================
Received Import Request.
  Time since last request: 0.000014 seconds.
  path: Assets/Prefabs/Lemon.prefab
  artifactKey: Guid(187ceedf9c1db7a4cb2111bb462bf627) Importer(815301076,1909f56bfc062723c751e8b465ee728b)
Start importing Assets/Prefabs/Lemon.prefab using Guid(187ceedf9c1db7a4cb2111bb462bf627) Importer(815301076,1909f56bfc062723c751e8b465ee728b)  -> (artifact id: '5fd8239701e60e2c0b8b76a330cd1df0') in 0.013138 seconds 
========================================================================
Received Import Request.
  Time since last request: 4.586706 seconds.
  path: Assets/Prefabs/Apple.prefab
  artifactKey: Guid(158b3b411568b514fa2776735b71e9b3) Importer(815301076,1909f56bfc062723c751e8b465ee728b)
Start importing Assets/Prefabs/Apple.prefab using Guid(158b3b411568b514fa2776735b71e9b3) Importer(815301076,1909f56bfc062723c751e8b465ee728b)  -> (artifact id: '4a661da8407bb92ce46c599851a33190') in 0.020905 seconds 
========================================================================
Received Import Request.
  Time since last request: 0.000015 seconds.
  path: Assets/Prefabs/Lemon.prefab
  artifactKey: Guid(187ceedf9c1db7a4cb2111bb462bf627) Importer(815301076,1909f56bfc062723c751e8b465ee728b)
Start importing Assets/Prefabs/Lemon.prefab using Guid(187ceedf9c1db7a4cb2111bb462bf627) Importer(815301076,1909f56bfc062723c751e8b465ee728b)  -> (artifact id: '58cde0e455740947ad1e6996f4fdd71c') in 0.025151 seconds 
========================================================================
Received Import Request.
  Time since last request: 19.929501 seconds.
  path: Assets/Prefabs/Apple.prefab
  artifactKey: Guid(158b3b411568b514fa2776735b71e9b3) Importer(815301076,1909f56bfc062723c751e8b465ee728b)
Start importing Assets/Prefabs/Apple.prefab using Guid(158b3b411568b514fa2776735b71e9b3) Importer(815301076,1909f56bfc062723c751e8b465ee728b)  -> (artifact id: 'ca4c1fb922564381852f76faf8394b23') in 0.015881 seconds 
========================================================================
Received Import Request.
  Time since last request: 0.000014 seconds.
  path: Assets/Prefabs/Orange.prefab
  artifactKey: Guid(be1e08230b408c74d9ec2dd31204ea07) Importer(815301076,1909f56bfc062723c751e8b465ee728b)
Start importing Assets/Prefabs/Orange.prefab using Guid(be1e08230b408c74d9ec2dd31204ea07) Importer(815301076,1909f56bfc062723c751e8b465ee728b)  -> (artifact id: '157bc40cc53b6797fe2e0fe81dccfa06') in 0.014532 seconds 
========================================================================
Received Import Request.
  Time since last request: 21.341955 seconds.
  path: Assets/Prefabs/Apple.prefab
  artifactKey: Guid(158b3b411568b514fa2776735b71e9b3) Importer(815301076,1909f56bfc062723c751e8b465ee728b)
Start importing Assets/Prefabs/Apple.prefab using Guid(158b3b411568b514fa2776735b71e9b3) Importer(815301076,1909f56bfc062723c751e8b465ee728b)  -> (artifact id: '2b14b62766acd2eb70e4db89e601ff47') in 0.017322 seconds 
========================================================================
Received Import Request.
  Time since last request: 0.000012 seconds.
  path: Assets/Prefabs/Orange.prefab
  artifactKey: Guid(be1e08230b408c74d9ec2dd31204ea07) Importer(815301076,1909f56bfc062723c751e8b465ee728b)
Start importing Assets/Prefabs/Orange.prefab using Guid(be1e08230b408c74d9ec2dd31204ea07) Importer(815301076,1909f56bfc062723c751e8b465ee728b)  -> (artifact id: '8e2e4521aeaba61133a5eaba74c84e1d') in 0.022718 seconds 
========================================================================
Received Import Request.
  Time since last request: 4.568992 seconds.
  path: Assets/Prefabs/Apple.prefab
  artifactKey: Guid(158b3b411568b514fa2776735b71e9b3) Importer(815301076,1909f56bfc062723c751e8b465ee728b)
Start importing Assets/Prefabs/Apple.prefab using Guid(158b3b411568b514fa2776735b71e9b3) Importer(815301076,1909f56bfc062723c751e8b465ee728b)  -> (artifact id: '2efe6b77e37c0c4d277d8190fe884f0d') in 0.020524 seconds 
========================================================================
Received Import Request.
  Time since last request: 0.000038 seconds.
  path: Assets/Prefabs/Lemon.prefab
  artifactKey: Guid(187ceedf9c1db7a4cb2111bb462bf627) Importer(815301076,1909f56bfc062723c751e8b465ee728b)
Start importing Assets/Prefabs/Lemon.prefab using Guid(187ceedf9c1db7a4cb2111bb462bf627) Importer(815301076,1909f56bfc062723c751e8b465ee728b)  -> (artifact id: '17a913d1ad7f43779421de4ec7e58a6c') in 0.018994 seconds 
========================================================================
Received Import Request.
  Time since last request: 13.660552 seconds.
  path: Assets/Prefabs/Apple.prefab
  artifactKey: Guid(158b3b411568b514fa2776735b71e9b3) Importer(815301076,1909f56bfc062723c751e8b465ee728b)
Start importing Assets/Prefabs/Apple.prefab using Guid(158b3b411568b514fa2776735b71e9b3) Importer(815301076,1909f56bfc062723c751e8b465ee728b)  -> (artifact id: 'c1d6dd8583f52091dcbf34a25d01da3f') in 0.022953 seconds 
========================================================================
Received Import Request.
  Time since last request: 0.000015 seconds.
  path: Assets/Prefabs/Lemon.prefab
  artifactKey: Guid(187ceedf9c1db7a4cb2111bb462bf627) Importer(815301076,1909f56bfc062723c751e8b465ee728b)
Start importing Assets/Prefabs/Lemon.prefab using Guid(187ceedf9c1db7a4cb2111bb462bf627) Importer(815301076,1909f56bfc062723c751e8b465ee728b)  -> (artifact id: '87ee86af09569d53c7f81273b36f2cff') in 0.019962 seconds 
========================================================================
Received Import Request.
  Time since last request: 10.612826 seconds.
  path: Assets/Prefabs/Apple.prefab
  artifactKey: Guid(158b3b411568b514fa2776735b71e9b3) Importer(815301076,1909f56bfc062723c751e8b465ee728b)
Start importing Assets/Prefabs/Apple.prefab using Guid(158b3b411568b514fa2776735b71e9b3) Importer(815301076,1909f56bfc062723c751e8b465ee728b)  -> (artifact id: '7d7028825f2e57dac52b99f3a6e3e2c9') in 0.200639 seconds 
========================================================================
Received Import Request.
  Time since last request: 0.000013 seconds.
  path: Assets/Prefabs/Orange.prefab
  artifactKey: Guid(be1e08230b408c74d9ec2dd31204ea07) Importer(815301076,1909f56bfc062723c751e8b465ee728b)
Start importing Assets/Prefabs/Orange.prefab using Guid(be1e08230b408c74d9ec2dd31204ea07) Importer(815301076,1909f56bfc062723c751e8b465ee728b)  -> (artifact id: '17aca414d818e6688bc8a11a26c1b814') in 0.011794 seconds 
========================================================================
Received Import Request.
  Time since last request: 21.556415 seconds.
  path: Assets/Prefabs/Apple.prefab
  artifactKey: Guid(158b3b411568b514fa2776735b71e9b3) Importer(815301076,1909f56bfc062723c751e8b465ee728b)
Start importing Assets/Prefabs/Apple.prefab using Guid(158b3b411568b514fa2776735b71e9b3) Importer(815301076,1909f56bfc062723c751e8b465ee728b)  -> (artifact id: '420d417fb146f904f79e0e446eeadcb3') in 0.024091 seconds 
========================================================================
Received Import Request.
  Time since last request: 0.000017 seconds.
  path: Assets/Prefabs/Orange.prefab
  artifactKey: Guid(be1e08230b408c74d9ec2dd31204ea07) Importer(815301076,1909f56bfc062723c751e8b465ee728b)
Start importing Assets/Prefabs/Orange.prefab using Guid(be1e08230b408c74d9ec2dd31204ea07) Importer(815301076,1909f56bfc062723c751e8b465ee728b)  -> (artifact id: '2caf655ccc5500e0f646b4bb452c5abd') in 0.013893 seconds 
========================================================================
Received Import Request.
  Time since last request: 23.589664 seconds.
  path: Assets/Prefabs/Apple.prefab
  artifactKey: Guid(158b3b411568b514fa2776735b71e9b3) Importer(815301076,1909f56bfc062723c751e8b465ee728b)
Start importing Assets/Prefabs/Apple.prefab using Guid(158b3b411568b514fa2776735b71e9b3) Importer(815301076,1909f56bfc062723c751e8b465ee728b)  -> (artifact id: 'c036dd1fde27ba861ee713d6ea85c498') in 0.047077 seconds 
========================================================================
Received Import Request.
  Time since last request: 0.000017 seconds.
  path: Assets/Prefabs/Orange.prefab
  artifactKey: Guid(be1e08230b408c74d9ec2dd31204ea07) Importer(815301076,1909f56bfc062723c751e8b465ee728b)
Start importing Assets/Prefabs/Orange.prefab using Guid(be1e08230b408c74d9ec2dd31204ea07) Importer(815301076,1909f56bfc062723c751e8b465ee728b)  -> (artifact id: 'b8cf7ee28f6bbe2e18ca2052e837041b') in 0.011914 seconds 
========================================================================
Received Import Request.
  Time since last request: 11.201834 seconds.
  path: Assets/Prefabs/Apple.prefab
  artifactKey: Guid(158b3b411568b514fa2776735b71e9b3) Importer(815301076,1909f56bfc062723c751e8b465ee728b)
Start importing Assets/Prefabs/Apple.prefab using Guid(158b3b411568b514fa2776735b71e9b3) Importer(815301076,1909f56bfc062723c751e8b465ee728b)  -> (artifact id: '02b6216d944512d91663032b8381d4ea') in 0.024046 seconds 
========================================================================
Received Import Request.
  Time since last request: 0.000018 seconds.
  path: Assets/Prefabs/Orange.prefab
  artifactKey: Guid(be1e08230b408c74d9ec2dd31204ea07) Importer(815301076,1909f56bfc062723c751e8b465ee728b)
Start importing Assets/Prefabs/Orange.prefab using Guid(be1e08230b408c74d9ec2dd31204ea07) Importer(815301076,1909f56bfc062723c751e8b465ee728b)  -> (artifact id: '263d0e95f70c7531407134f0292ec212') in 0.017638 seconds 
========================================================================
Received Import Request.
  Time since last request: 29.606491 seconds.
  path: Assets/Prefabs/Apple.prefab
  artifactKey: Guid(158b3b411568b514fa2776735b71e9b3) Importer(815301076,1909f56bfc062723c751e8b465ee728b)
Start importing Assets/Prefabs/Apple.prefab using Guid(158b3b411568b514fa2776735b71e9b3) Importer(815301076,1909f56bfc062723c751e8b465ee728b)  -> (artifact id: '0e4bbc52066ad829ef9697e5d7b7f5ec') in 0.016888 seconds 
========================================================================
Received Import Request.
  Time since last request: 0.000079 seconds.
  path: Assets/Prefabs/Orange.prefab
  artifactKey: Guid(be1e08230b408c74d9ec2dd31204ea07) Importer(815301076,1909f56bfc062723c751e8b465ee728b)
Start importing Assets/Prefabs/Orange.prefab using Guid(be1e08230b408c74d9ec2dd31204ea07) Importer(815301076,1909f56bfc062723c751e8b465ee728b)  -> (artifact id: '75dcb0ef98d5f18f7703d1ba54c6cffc') in 0.018338 seconds 
========================================================================
Received Import Request.
  Time since last request: 13.378400 seconds.
  path: Assets/Prefabs/Apple.prefab
  artifactKey: Guid(158b3b411568b514fa2776735b71e9b3) Importer(815301076,1909f56bfc062723c751e8b465ee728b)
Start importing Assets/Prefabs/Apple.prefab using Guid(158b3b411568b514fa2776735b71e9b3) Importer(815301076,1909f56bfc062723c751e8b465ee728b)  -> (artifact id: 'df175556ddef1f7a6f03a4ce1f4e3ce1') in 0.059395 seconds 
========================================================================
Received Import Request.
  Time since last request: 0.000015 seconds.
  path: Assets/Prefabs/Orange.prefab
  artifactKey: Guid(be1e08230b408c74d9ec2dd31204ea07) Importer(815301076,1909f56bfc062723c751e8b465ee728b)
Start importing Assets/Prefabs/Orange.prefab using Guid(be1e08230b408c74d9ec2dd31204ea07) Importer(815301076,1909f56bfc062723c751e8b465ee728b)  -> (artifact id: '62602877f529fdb4710fd19966a16533') in 0.011736 seconds 
========================================================================
Received Prepare
Registering precompiled user dll's ...
Registered in 0.003272 seconds.
Begin MonoManager ReloadAssembly
Symbol file LoadedFromMemory doesn't match image C:\Users\cfb06\Fruit Ninja\Library\PackageCache\com.unity.visualscripting@1.8.0\Editor\VisualScripting.Core\Dependencies\YamlDotNet\Unity.VisualScripting.YamlDotNet.dll
Symbol file LoadedFromMemory doesn't match image C:\Users\cfb06\Fruit Ninja\Library\PackageCache\com.unity.visualscripting@1.8.0\Editor\VisualScripting.Core\Dependencies\DotNetZip\Unity.VisualScripting.IonicZip.dll
Native extension for WindowsStandalone target not found
Native extension for Android target not found
Native extension for WebGL target not found
Refreshing native plugins compatible for Editor in 0.38 ms, found 3 plugins.
Preloading 0 native plugins for Editor in 0.00 ms.
Mono: successfully reloaded assembly
- Completed reload, in  0.778 seconds
Domain Reload Profiling:
	ReloadAssembly (779ms)
		BeginReloadAssembly (108ms)
			ExecutionOrderSort (0ms)
			DisableScriptedObjects (3ms)
			BackupInstance (0ms)
			ReleaseScriptingObjects (0ms)
			CreateAndSetChildDomain (28ms)
		EndReloadAssembly (604ms)
			LoadAssemblies (66ms)
			RebuildTransferFunctionScriptingTraits (0ms)
			SetupTypeCache (216ms)
			ReleaseScriptCaches (1ms)
			RebuildScriptCaches (30ms)
			SetupLoadedEditorAssemblies (244ms)
				LogAssemblyErrors (0ms)
				InitializePlatformSupportModulesInManaged (15ms)
				SetLoadedEditorAssemblies (0ms)
				RefreshPlugins (0ms)
				BeforeProcessingInitializeOnLoad (44ms)
				ProcessInitializeOnLoadAttributes (162ms)
				ProcessInitializeOnLoadMethodAttributes (16ms)
				AfterProcessingInitializeOnLoad (6ms)
				EditorAssembliesLoaded (0ms)
			ExecutionOrderSort2 (0ms)
			AwakeInstancesAfterBackupRestoration (5ms)
Platform modules already initialized, skipping
Refreshing native plugins compatible for Editor in 1.29 ms, found 3 plugins.
Preloading 0 native plugins for Editor in 0.00 ms.
Unloading 3045 Unused Serialized files (Serialized files now loaded: 0)
Unloading 20 unused Assets / (82.6 KB). Loaded Objects now: 3525.
Memory consumption went from 116.6 MB to 116.5 MB.
Total: 2.310400 ms (FindLiveObjects: 0.164500 ms CreateObjectMapping: 0.103000 ms MarkObjects: 1.957400 ms  DeleteObjects: 0.084500 ms)

AssetImportParameters requested are different than current active one (requested -> active):
  custom:video-decoder-ogg-theora: a1e56fd34408186e4bbccfd4996cb3dc -> 
  custom:container-muxer-webm: aa71ff27fc2769a1b78a27578f13a17b -> 
  custom:container-demuxer-webm: 4f35f7cbe854078d1ac9338744f61a02 -> 
  custom:video-encoder-webm-vp8: eb34c28f22e8b96e1ab97ce403110664 -> 
  custom:video-codec-MediaFoundation-h265: 746d11721c4dcdbdad8f713fa42b33f4 -> 
  custom:audio-encoder-webm-vorbis: bf7c407c2cedff20999df2af8eb42d56 -> 
  custom:framework-win-MediaFoundation: 216162199b28c13a410421893ffa2e32 -> 
  custom:container-demuxer-ogg: 62fdf1f143b41e24485cea50d1cbac27 -> 
  custom:video-decoder-webm-vp8: 9c59270c3fd7afecdb556c50c9e8de78 -> 
  custom:audio-decoder-ogg-vorbis: bf7c407c2cedff20999df2af8eb42d56 -> 
========================================================================
Received Import Request.
  Time since last request: 130.749389 seconds.
  path: Assets/Prefabs/Apple.prefab
  artifactKey: Guid(158b3b411568b514fa2776735b71e9b3) Importer(815301076,1909f56bfc062723c751e8b465ee728b)
Start importing Assets/Prefabs/Apple.prefab using Guid(158b3b411568b514fa2776735b71e9b3) Importer(815301076,1909f56bfc062723c751e8b465ee728b)  -> (artifact id: '0e4bbc52066ad829ef9697e5d7b7f5ec') in 0.085700 seconds 
========================================================================
Received Import Request.
  Time since last request: 0.000023 seconds.
  path: Assets/Prefabs/Orange.prefab
  artifactKey: Guid(be1e08230b408c74d9ec2dd31204ea07) Importer(815301076,1909f56bfc062723c751e8b465ee728b)
Start importing Assets/Prefabs/Orange.prefab using Guid(be1e08230b408c74d9ec2dd31204ea07) Importer(815301076,1909f56bfc062723c751e8b465ee728b)  -> (artifact id: 'c9f5d6aedde67a40ffd8fce3dd775afe') in 0.013865 seconds 
========================================================================
Received Import Request.
  Time since last request: 0.000019 seconds.
  path: Assets/Prefabs/Lemon.prefab
  artifactKey: Guid(187ceedf9c1db7a4cb2111bb462bf627) Importer(815301076,1909f56bfc062723c751e8b465ee728b)
Start importing Assets/Prefabs/Lemon.prefab using Guid(187ceedf9c1db7a4cb2111bb462bf627) Importer(815301076,1909f56bfc062723c751e8b465ee728b)  -> (artifact id: '3c4334f49ade2e25c2398e562fb69eca') in 0.010744 seconds 
========================================================================
Received Import Request.
  Time since last request: 32.073244 seconds.
  path: Assets/Prefabs/Apple.prefab
  artifactKey: Guid(158b3b411568b514fa2776735b71e9b3) Importer(815301076,1909f56bfc062723c751e8b465ee728b)
Start importing Assets/Prefabs/Apple.prefab using Guid(158b3b411568b514fa2776735b71e9b3) Importer(815301076,1909f56bfc062723c751e8b465ee728b)  -> (artifact id: '9e989834c69a58fa4a8a4a6039a50ca7') in 0.123217 seconds 
========================================================================
Received Import Request.
  Time since last request: 0.000016 seconds.
  path: Assets/Prefabs/Orange.prefab
  artifactKey: Guid(be1e08230b408c74d9ec2dd31204ea07) Importer(815301076,1909f56bfc062723c751e8b465ee728b)
Start importing Assets/Prefabs/Orange.prefab using Guid(be1e08230b408c74d9ec2dd31204ea07) Importer(815301076,1909f56bfc062723c751e8b465ee728b)  -> (artifact id: '171b575d562097b5b04a3d1a9c5386b3') in 0.015810 seconds 
========================================================================
Received Import Request.
  Time since last request: 113.929892 seconds.
  path: Assets/Prefabs/Apple.prefab
  artifactKey: Guid(158b3b411568b514fa2776735b71e9b3) Importer(815301076,1909f56bfc062723c751e8b465ee728b)
Start importing Assets/Prefabs/Apple.prefab using Guid(158b3b411568b514fa2776735b71e9b3) Importer(815301076,1909f56bfc062723c751e8b465ee728b)  -> (artifact id: '9c4500dae0a965896c33e5ca7a5f0ea6') in 0.013487 seconds 
========================================================================
Received Import Request.
  Time since last request: 0.000017 seconds.
  path: Assets/Prefabs/Orange.prefab
  artifactKey: Guid(be1e08230b408c74d9ec2dd31204ea07) Importer(815301076,1909f56bfc062723c751e8b465ee728b)
Start importing Assets/Prefabs/Orange.prefab using Guid(be1e08230b408c74d9ec2dd31204ea07) Importer(815301076,1909f56bfc062723c751e8b465ee728b)  -> (artifact id: '02026876140c331d302620381c5ab035') in 0.011155 seconds 
========================================================================
Received Import Request.
  Time since last request: 0.000015 seconds.
  path: Assets/Prefabs/Kiwi.prefab
  artifactKey: Guid(34cac085d5ccd6543ac5c3637086fdb9) Importer(815301076,1909f56bfc062723c751e8b465ee728b)
Start importing Assets/Prefabs/Kiwi.prefab using Guid(34cac085d5ccd6543ac5c3637086fdb9) Importer(815301076,1909f56bfc062723c751e8b465ee728b)  -> (artifact id: 'd314f683944babfaae91645d7153ebde') in 0.017610 seconds 
========================================================================
Received Import Request.
  Time since last request: 91.202148 seconds.
  path: Assets/Prefabs/Fruit_Base.prefab
  artifactKey: Guid(971380c482bad0043b71d141bb6a688f) Importer(815301076,1909f56bfc062723c751e8b465ee728b)
Start importing Assets/Prefabs/Fruit_Base.prefab using Guid(971380c482bad0043b71d141bb6a688f) Importer(815301076,1909f56bfc062723c751e8b465ee728b)  -> (artifact id: 'c53f322a6447e6813e499055c1de8fdc') in 0.012835 seconds 
========================================================================
Received Import Request.
  Time since last request: 0.000022 seconds.
  path: Assets/Prefabs/Watermelon.prefab
  artifactKey: Guid(9e4fcbd50bc02c54caf9626e631636c1) Importer(815301076,1909f56bfc062723c751e8b465ee728b)
Start importing Assets/Prefabs/Watermelon.prefab using Guid(9e4fcbd50bc02c54caf9626e631636c1) Importer(815301076,1909f56bfc062723c751e8b465ee728b)  -> (artifact id: 'f8f9e5f13524908a5c43b09515cdf7ff') in 0.012989 seconds 
========================================================================
Received Import Request.
  Time since last request: 0.000019 seconds.
  path: Assets/Prefabs/Orange.prefab
  artifactKey: Guid(be1e08230b408c74d9ec2dd31204ea07) Importer(815301076,1909f56bfc062723c751e8b465ee728b)
Start importing Assets/Prefabs/Orange.prefab using Guid(be1e08230b408c74d9ec2dd31204ea07) Importer(815301076,1909f56bfc062723c751e8b465ee728b)  -> (artifact id: '01cc0deb71918203d71bca13582e4fc3') in 0.012144 seconds 
========================================================================
Received Import Request.
  Time since last request: 0.000015 seconds.
  path: Assets/Prefabs/Lemon.prefab
  artifactKey: Guid(187ceedf9c1db7a4cb2111bb462bf627) Importer(815301076,1909f56bfc062723c751e8b465ee728b)
Start importing Assets/Prefabs/Lemon.prefab using Guid(187ceedf9c1db7a4cb2111bb462bf627) Importer(815301076,1909f56bfc062723c751e8b465ee728b)  -> (artifact id: 'd691a9eb3a34c34c37c1cb7a616bdb53') in 0.013365 seconds 
========================================================================
Received Import Request.
  Time since last request: 0.000016 seconds.
  path: Assets/Prefabs/Kiwi.prefab
  artifactKey: Guid(34cac085d5ccd6543ac5c3637086fdb9) Importer(815301076,1909f56bfc062723c751e8b465ee728b)
Start importing Assets/Prefabs/Kiwi.prefab using Guid(34cac085d5ccd6543ac5c3637086fdb9) Importer(815301076,1909f56bfc062723c751e8b465ee728b)  -> (artifact id: '7ab1bba14c63eedece108a1efc4d1f7f') in 0.010981 seconds 
Editor requested this worker to shutdown with reason: Scaling down because of idle timeout
AssetImportWorkerClient::OnTransportError - code=2 error=End of file
AssetImportWorker is now disconnected from the server
Process exiting
Exiting without the bug reporter. Application will terminate with return code 0