Using pre-set license
Built from '2021.3/staging' branch; Version is '2021.3.22f1 (b6c551784ba3) revision 11978065'; Using compiler version '192829333'; Build Type 'Release'
OS: 'Windows 11  (10.0.22621) 64bit Core' Language: 'zh' Physical Memory: 16176 MB
BatchMode: 1, IsHumanControllingUs: 0, StartBugReporterOnCrash: 0, Is64bit: 1, IsPro: 1

COMMAND LINE ARGUMENTS:
C:\Program Files\Unity\Hub\Editor\2021.3.22f1\Editor\Unity.exe
-adb2
-batchMode
-noUpm
-name
AssetImportWorker1
-projectPath
C:/Users/cfb06/Fruit Ninja
-logFile
Logs/AssetImportWorker1.log
-srvPort
60594
Successfully changed project path to: C:/Users/cfb06/Fruit Ninja
C:/Users/cfb06/Fruit Ninja
[UnityMemory] Configuration Parameters - Can be set up in boot.config
    "memorysetup-bucket-allocator-granularity=16"
    "memorysetup-bucket-allocator-bucket-count=8"
    "memorysetup-bucket-allocator-block-size=33554432"
    "memorysetup-bucket-allocator-block-count=8"
    "memorysetup-main-allocator-block-size=16777216"
    "memorysetup-thread-allocator-block-size=16777216"
    "memorysetup-gfx-main-allocator-block-size=16777216"
    "memorysetup-gfx-thread-allocator-block-size=16777216"
    "memorysetup-cache-allocator-block-size=4194304"
    "memorysetup-typetree-allocator-block-size=2097152"
    "memorysetup-profiler-bucket-allocator-granularity=16"
    "memorysetup-profiler-bucket-allocator-bucket-count=8"
    "memorysetup-profiler-bucket-allocator-block-size=33554432"
    "memorysetup-profiler-bucket-allocator-block-count=8"
    "memorysetup-profiler-allocator-block-size=16777216"
    "memorysetup-profiler-editor-allocator-block-size=1048576"
    "memorysetup-temp-allocator-size-main=16777216"
    "memorysetup-job-temp-allocator-block-size=2097152"
    "memorysetup-job-temp-allocator-block-size-background=1048576"
    "memorysetup-job-temp-allocator-reduction-small-platforms=262144"
    "memorysetup-temp-allocator-size-background-worker=32768"
    "memorysetup-temp-allocator-size-job-worker=262144"
    "memorysetup-temp-allocator-size-preload-manager=33554432"
    "memorysetup-temp-allocator-size-nav-mesh-worker=65536"
    "memorysetup-temp-allocator-size-audio-worker=65536"
    "memorysetup-temp-allocator-size-cloud-worker=32768"
    "memorysetup-temp-allocator-size-gi-baking-worker=262144"
    "memorysetup-temp-allocator-size-gfx=262144"
Player connection [2508] Host "[IP] 10.0.0.105 [Port] 0 [Flags] 2 [Guid] 1434053258 [EditorId] 1434053258 [Version] 1048832 [Id] WindowsEditor(7,Oliver) [Debug] 1 [PackageName] WindowsEditor [ProjectName] Editor" joined multi-casting on [225.0.0.222:54997]...

Player connection [2508] Host "[IP] 10.0.0.105 [Port] 0 [Flags] 2 [Guid] 1434053258 [EditorId] 1434053258 [Version] 1048832 [Id] WindowsEditor(7,Oliver) [Debug] 1 [PackageName] WindowsEditor [ProjectName] Editor" joined alternative multi-casting on [225.0.0.222:34997]...

Refreshing native plugins compatible for Editor in 71.90 ms, found 3 plugins.
Preloading 0 native plugins for Editor in 0.00 ms.
Initialize engine version: 2021.3.22f1 (b6c551784ba3)
[Subsystems] Discovering subsystems at path C:/Program Files/Unity/Hub/Editor/2021.3.22f1/Editor/Data/Resources/UnitySubsystems
[Subsystems] Discovering subsystems at path C:/Users/cfb06/Fruit Ninja/Assets
GfxDevice: creating device client; threaded=0; jobified=0
Direct3D:
    Version:  Direct3D 11.0 [level 11.1]
    Renderer: NVIDIA GeForce RTX 3070 Ti Laptop GPU (ID=0x24e0)
    Vendor:   NVIDIA
    VRAM:     8032 MB
    Driver:   31.0.15.2799
Initialize mono
Mono path[0] = 'C:/Program Files/Unity/Hub/Editor/2021.3.22f1/Editor/Data/Managed'
Mono path[1] = 'C:/Program Files/Unity/Hub/Editor/2021.3.22f1/Editor/Data/MonoBleedingEdge/lib/mono/unityjit-win32'
Mono config path = 'C:/Program Files/Unity/Hub/Editor/2021.3.22f1/Editor/Data/MonoBleedingEdge/etc'
Using monoOptions --debugger-agent=transport=dt_socket,embedding=1,server=y,suspend=n,address=127.0.0.1:56088
Begin MonoManager ReloadAssembly
Registering precompiled unity dll's ...
Register platform support module: C:/Program Files/Unity/Hub/Editor/2021.3.22f1/Editor/Data/PlaybackEngines/WebGLSupport/UnityEditor.WebGL.Extensions.dll
Register platform support module: C:/Program Files/Unity/Hub/Editor/2021.3.22f1/Editor/Data/PlaybackEngines/AndroidPlayer/UnityEditor.Android.Extensions.dll
Register platform support module: C:/Program Files/Unity/Hub/Editor/2021.3.22f1/Editor/Data/PlaybackEngines/WindowsStandaloneSupport/UnityEditor.WindowsStandalone.Extensions.dll
Registered in 0.005470 seconds.
Native extension for WindowsStandalone target not found
Native extension for Android target not found
Android Extension - Scanning For ADB Devices 238 ms
Native extension for WebGL target not found
Refreshing native plugins compatible for Editor in 50.50 ms, found 3 plugins.
Preloading 0 native plugins for Editor in 0.00 ms.
Mono: successfully reloaded assembly
- Completed reload, in  0.794 seconds
Domain Reload Profiling:
	ReloadAssembly (794ms)
		BeginReloadAssembly (98ms)
			ExecutionOrderSort (0ms)
			DisableScriptedObjects (0ms)
			BackupInstance (0ms)
			ReleaseScriptingObjects (0ms)
			CreateAndSetChildDomain (0ms)
		EndReloadAssembly (625ms)
			LoadAssemblies (96ms)
			RebuildTransferFunctionScriptingTraits (0ms)
			SetupTypeCache (77ms)
			ReleaseScriptCaches (0ms)
			RebuildScriptCaches (22ms)
			SetupLoadedEditorAssemblies (452ms)
				LogAssemblyErrors (0ms)
				InitializePlatformSupportModulesInManaged (303ms)
				SetLoadedEditorAssemblies (0ms)
				RefreshPlugins (51ms)
				BeforeProcessingInitializeOnLoad (1ms)
				ProcessInitializeOnLoadAttributes (65ms)
				ProcessInitializeOnLoadMethodAttributes (33ms)
				AfterProcessingInitializeOnLoad (0ms)
				EditorAssembliesLoaded (0ms)
			ExecutionOrderSort2 (0ms)
			AwakeInstancesAfterBackupRestoration (0ms)
Platform modules already initialized, skipping
Registering precompiled user dll's ...
Registered in 0.003386 seconds.
Begin MonoManager ReloadAssembly
Symbol file LoadedFromMemory doesn't match image C:\Users\cfb06\Fruit Ninja\Library\PackageCache\com.unity.visualscripting@1.8.0\Editor\VisualScripting.Core\Dependencies\YamlDotNet\Unity.VisualScripting.YamlDotNet.dll
Symbol file LoadedFromMemory doesn't match image C:\Users\cfb06\Fruit Ninja\Library\PackageCache\com.unity.visualscripting@1.8.0\Editor\VisualScripting.Core\Dependencies\DotNetZip\Unity.VisualScripting.IonicZip.dll
Native extension for WindowsStandalone target not found
Native extension for Android target not found
Native extension for WebGL target not found
Refreshing native plugins compatible for Editor in 0.41 ms, found 3 plugins.
Preloading 0 native plugins for Editor in 0.00 ms.
Mono: successfully reloaded assembly
- Completed reload, in  0.747 seconds
Domain Reload Profiling:
	ReloadAssembly (748ms)
		BeginReloadAssembly (84ms)
			ExecutionOrderSort (0ms)
			DisableScriptedObjects (4ms)
			BackupInstance (0ms)
			ReleaseScriptingObjects (0ms)
			CreateAndSetChildDomain (16ms)
		EndReloadAssembly (581ms)
			LoadAssemblies (63ms)
			RebuildTransferFunctionScriptingTraits (0ms)
			SetupTypeCache (197ms)
			ReleaseScriptCaches (0ms)
			RebuildScriptCaches (36ms)
			SetupLoadedEditorAssemblies (246ms)
				LogAssemblyErrors (0ms)
				InitializePlatformSupportModulesInManaged (14ms)
				SetLoadedEditorAssemblies (0ms)
				RefreshPlugins (0ms)
				BeforeProcessingInitializeOnLoad (52ms)
				ProcessInitializeOnLoadAttributes (151ms)
				ProcessInitializeOnLoadMethodAttributes (22ms)
				AfterProcessingInitializeOnLoad (5ms)
				EditorAssembliesLoaded (0ms)
			ExecutionOrderSort2 (0ms)
			AwakeInstancesAfterBackupRestoration (4ms)
Platform modules already initialized, skipping
========================================================================
Worker process is ready to serve import requests
Launched and connected shader compiler UnityShaderCompiler.exe after 0.05 seconds
Refreshing native plugins compatible for Editor in 0.36 ms, found 3 plugins.
Preloading 0 native plugins for Editor in 0.00 ms.
Unloading 3050 Unused Serialized files (Serialized files now loaded: 0)
Unloading 24 unused Assets / (113.9 KB). Loaded Objects now: 3514.
Memory consumption went from 112.2 MB to 112.1 MB.
Total: 2.461300 ms (FindLiveObjects: 0.160200 ms CreateObjectMapping: 0.071200 ms MarkObjects: 2.145000 ms  DeleteObjects: 0.084000 ms)

AssetImportParameters requested are different than current active one (requested -> active):
  custom:video-decoder-ogg-theora: a1e56fd34408186e4bbccfd4996cb3dc -> 
  custom:container-muxer-webm: aa71ff27fc2769a1b78a27578f13a17b -> 
  custom:container-demuxer-webm: 4f35f7cbe854078d1ac9338744f61a02 -> 
  custom:video-encoder-webm-vp8: eb34c28f22e8b96e1ab97ce403110664 -> 
  custom:video-codec-MediaFoundation-h265: 746d11721c4dcdbdad8f713fa42b33f4 -> 
  custom:audio-encoder-webm-vorbis: bf7c407c2cedff20999df2af8eb42d56 -> 
  custom:framework-win-MediaFoundation: 216162199b28c13a410421893ffa2e32 -> 
  custom:container-demuxer-ogg: 62fdf1f143b41e24485cea50d1cbac27 -> 
  custom:video-decoder-webm-vp8: 9c59270c3fd7afecdb556c50c9e8de78 -> 
  custom:audio-decoder-ogg-vorbis: bf7c407c2cedff20999df2af8eb42d56 -> 
========================================================================
Received Import Request.
  Time since last request: 30483.275837 seconds.
  path: Assets/Prefabs/Fruit_Base.prefab
  artifactKey: Guid(971380c482bad0043b71d141bb6a688f) Importer(815301076,1909f56bfc062723c751e8b465ee728b)
Start importing Assets/Prefabs/Fruit_Base.prefab using Guid(971380c482bad0043b71d141bb6a688f) Importer(815301076,1909f56bfc062723c751e8b465ee728b)  -> (artifact id: 'a0834bd535816d28effb1ddb56959b50') in 0.101038 seconds 
========================================================================
Received Import Request.
  Time since last request: 6.601582 seconds.
  path: Assets/Prefabs/Kiwi.prefab
  artifactKey: Guid(34cac085d5ccd6543ac5c3637086fdb9) Importer(815301076,1909f56bfc062723c751e8b465ee728b)
Start importing Assets/Prefabs/Kiwi.prefab using Guid(34cac085d5ccd6543ac5c3637086fdb9) Importer(815301076,1909f56bfc062723c751e8b465ee728b)  -> (artifact id: '376d8d3bf9f7a682639d942de2a65421') in 0.025991 seconds 
========================================================================
Received Import Request.
  Time since last request: 0.000028 seconds.
  path: Assets/Prefabs/Lemon.prefab
  artifactKey: Guid(187ceedf9c1db7a4cb2111bb462bf627) Importer(815301076,1909f56bfc062723c751e8b465ee728b)
Start importing Assets/Prefabs/Lemon.prefab using Guid(187ceedf9c1db7a4cb2111bb462bf627) Importer(815301076,1909f56bfc062723c751e8b465ee728b)  -> (artifact id: '51e9275c23c5b8e8dfabef8519a16406') in 0.015098 seconds 
========================================================================
Received Import Request.
  Time since last request: 22.739553 seconds.
  path: Assets/Prefabs/Kiwi.prefab
  artifactKey: Guid(34cac085d5ccd6543ac5c3637086fdb9) Importer(815301076,1909f56bfc062723c751e8b465ee728b)
Start importing Assets/Prefabs/Kiwi.prefab using Guid(34cac085d5ccd6543ac5c3637086fdb9) Importer(815301076,1909f56bfc062723c751e8b465ee728b)  -> (artifact id: '02b7dcb5d528f6f7d685227362fab6bd') in 0.042283 seconds 
========================================================================
Received Import Request.
  Time since last request: 0.000022 seconds.
  path: Assets/Prefabs/Orange.prefab
  artifactKey: Guid(be1e08230b408c74d9ec2dd31204ea07) Importer(815301076,1909f56bfc062723c751e8b465ee728b)
Start importing Assets/Prefabs/Orange.prefab using Guid(be1e08230b408c74d9ec2dd31204ea07) Importer(815301076,1909f56bfc062723c751e8b465ee728b)  -> (artifact id: '5a515579498e7bca7a96946045468f0c') in 0.014498 seconds 
========================================================================
Received Import Request.
  Time since last request: 12.298971 seconds.
  path: Assets/Prefabs/Kiwi.prefab
  artifactKey: Guid(34cac085d5ccd6543ac5c3637086fdb9) Importer(815301076,1909f56bfc062723c751e8b465ee728b)
Start importing Assets/Prefabs/Kiwi.prefab using Guid(34cac085d5ccd6543ac5c3637086fdb9) Importer(815301076,1909f56bfc062723c751e8b465ee728b)  -> (artifact id: 'f7c6a2cbfe122d10474cd736dac88e3b') in 0.095778 seconds 
========================================================================
Received Import Request.
  Time since last request: 0.000018 seconds.
  path: Assets/Prefabs/Orange.prefab
  artifactKey: Guid(be1e08230b408c74d9ec2dd31204ea07) Importer(815301076,1909f56bfc062723c751e8b465ee728b)
Start importing Assets/Prefabs/Orange.prefab using Guid(be1e08230b408c74d9ec2dd31204ea07) Importer(815301076,1909f56bfc062723c751e8b465ee728b)  -> (artifact id: '88e007583277fc54baa3d803a041dcdb') in 0.013751 seconds 
========================================================================
Received Import Request.
  Time since last request: 4.311587 seconds.
  path: Assets/Prefabs/Kiwi.prefab
  artifactKey: Guid(34cac085d5ccd6543ac5c3637086fdb9) Importer(815301076,1909f56bfc062723c751e8b465ee728b)
Start importing Assets/Prefabs/Kiwi.prefab using Guid(34cac085d5ccd6543ac5c3637086fdb9) Importer(815301076,1909f56bfc062723c751e8b465ee728b)  -> (artifact id: '6b90444d69dca2c49872e10699f08778') in 0.021545 seconds 
========================================================================
Received Import Request.
  Time since last request: 0.000013 seconds.
  path: Assets/Prefabs/Orange.prefab
  artifactKey: Guid(be1e08230b408c74d9ec2dd31204ea07) Importer(815301076,1909f56bfc062723c751e8b465ee728b)
Start importing Assets/Prefabs/Orange.prefab using Guid(be1e08230b408c74d9ec2dd31204ea07) Importer(815301076,1909f56bfc062723c751e8b465ee728b)  -> (artifact id: '4c198a7d3b890170d9883d00cdad6cd0') in 0.014990 seconds 
========================================================================
Received Import Request.
  Time since last request: 9.524472 seconds.
  path: Assets/Prefabs/Kiwi.prefab
  artifactKey: Guid(34cac085d5ccd6543ac5c3637086fdb9) Importer(815301076,1909f56bfc062723c751e8b465ee728b)
Start importing Assets/Prefabs/Kiwi.prefab using Guid(34cac085d5ccd6543ac5c3637086fdb9) Importer(815301076,1909f56bfc062723c751e8b465ee728b)  -> (artifact id: '5790848fdf4cdb5b87407171f8176970') in 0.024004 seconds 
========================================================================
Received Import Request.
  Time since last request: 0.000020 seconds.
  path: Assets/Prefabs/Lemon.prefab
  artifactKey: Guid(187ceedf9c1db7a4cb2111bb462bf627) Importer(815301076,1909f56bfc062723c751e8b465ee728b)
Start importing Assets/Prefabs/Lemon.prefab using Guid(187ceedf9c1db7a4cb2111bb462bf627) Importer(815301076,1909f56bfc062723c751e8b465ee728b)  -> (artifact id: 'db13a8e5325a0d1b52337408eded36e5') in 0.012307 seconds 
========================================================================
Received Import Request.
  Time since last request: 7.855197 seconds.
  path: Assets/Prefabs/Kiwi.prefab
  artifactKey: Guid(34cac085d5ccd6543ac5c3637086fdb9) Importer(815301076,1909f56bfc062723c751e8b465ee728b)
Start importing Assets/Prefabs/Kiwi.prefab using Guid(34cac085d5ccd6543ac5c3637086fdb9) Importer(815301076,1909f56bfc062723c751e8b465ee728b)  -> (artifact id: '79b5269927d93780b917a62d608bd414') in 0.142897 seconds 
========================================================================
Received Import Request.
  Time since last request: 2.196933 seconds.
  path: Assets/Prefabs/Kiwi.prefab
  artifactKey: Guid(34cac085d5ccd6543ac5c3637086fdb9) Importer(815301076,1909f56bfc062723c751e8b465ee728b)
Start importing Assets/Prefabs/Kiwi.prefab using Guid(34cac085d5ccd6543ac5c3637086fdb9) Importer(815301076,1909f56bfc062723c751e8b465ee728b)  -> (artifact id: '40ba36d044157ef141c6b963aace43ee') in 0.019807 seconds 
========================================================================
Received Import Request.
  Time since last request: 0.000020 seconds.
  path: Assets/Prefabs/Lemon.prefab
  artifactKey: Guid(187ceedf9c1db7a4cb2111bb462bf627) Importer(815301076,1909f56bfc062723c751e8b465ee728b)
Start importing Assets/Prefabs/Lemon.prefab using Guid(187ceedf9c1db7a4cb2111bb462bf627) Importer(815301076,1909f56bfc062723c751e8b465ee728b)  -> (artifact id: '60e4733645efab84706021b5f1464377') in 0.013403 seconds 
========================================================================
Received Import Request.
  Time since last request: 3.167585 seconds.
  path: Assets/Prefabs/Kiwi.prefab
  artifactKey: Guid(34cac085d5ccd6543ac5c3637086fdb9) Importer(815301076,1909f56bfc062723c751e8b465ee728b)
Start importing Assets/Prefabs/Kiwi.prefab using Guid(34cac085d5ccd6543ac5c3637086fdb9) Importer(815301076,1909f56bfc062723c751e8b465ee728b)  -> (artifact id: '6a19058886e3e8ac03098ae4caadbb28') in 0.024516 seconds 
========================================================================
Received Import Request.
  Time since last request: 0.000016 seconds.
  path: Assets/Prefabs/Orange.prefab
  artifactKey: Guid(be1e08230b408c74d9ec2dd31204ea07) Importer(815301076,1909f56bfc062723c751e8b465ee728b)
Start importing Assets/Prefabs/Orange.prefab using Guid(be1e08230b408c74d9ec2dd31204ea07) Importer(815301076,1909f56bfc062723c751e8b465ee728b)  -> (artifact id: '2d4cb8ac913c8e4684874297e38ff16c') in 0.014072 seconds 
========================================================================
Received Import Request.
  Time since last request: 4.588518 seconds.
  path: Assets/Prefabs/Kiwi.prefab
  artifactKey: Guid(34cac085d5ccd6543ac5c3637086fdb9) Importer(815301076,1909f56bfc062723c751e8b465ee728b)
Start importing Assets/Prefabs/Kiwi.prefab using Guid(34cac085d5ccd6543ac5c3637086fdb9) Importer(815301076,1909f56bfc062723c751e8b465ee728b)  -> (artifact id: '95d8ac1538b41cb481a74e928e1526d3') in 0.017699 seconds 
========================================================================
Received Import Request.
  Time since last request: 0.000015 seconds.
  path: Assets/Prefabs/Orange.prefab
  artifactKey: Guid(be1e08230b408c74d9ec2dd31204ea07) Importer(815301076,1909f56bfc062723c751e8b465ee728b)
Start importing Assets/Prefabs/Orange.prefab using Guid(be1e08230b408c74d9ec2dd31204ea07) Importer(815301076,1909f56bfc062723c751e8b465ee728b)  -> (artifact id: 'ec2139385b63e69d5e469bb466427b46') in 0.017183 seconds 
========================================================================
Received Import Request.
  Time since last request: 19.937994 seconds.
  path: Assets/Prefabs/Kiwi.prefab
  artifactKey: Guid(34cac085d5ccd6543ac5c3637086fdb9) Importer(815301076,1909f56bfc062723c751e8b465ee728b)
Start importing Assets/Prefabs/Kiwi.prefab using Guid(34cac085d5ccd6543ac5c3637086fdb9) Importer(815301076,1909f56bfc062723c751e8b465ee728b)  -> (artifact id: 'dd4699c1cf84a0854d207bfe744fb7bf') in 0.013885 seconds 
========================================================================
Received Import Request.
  Time since last request: 0.000013 seconds.
  path: Assets/Prefabs/Lemon.prefab
  artifactKey: Guid(187ceedf9c1db7a4cb2111bb462bf627) Importer(815301076,1909f56bfc062723c751e8b465ee728b)
Start importing Assets/Prefabs/Lemon.prefab using Guid(187ceedf9c1db7a4cb2111bb462bf627) Importer(815301076,1909f56bfc062723c751e8b465ee728b)  -> (artifact id: 'a9b47559b766dc1ef7bd0ca51238b900') in 0.014480 seconds 
========================================================================
Received Import Request.
  Time since last request: 21.342824 seconds.
  path: Assets/Prefabs/Kiwi.prefab
  artifactKey: Guid(34cac085d5ccd6543ac5c3637086fdb9) Importer(815301076,1909f56bfc062723c751e8b465ee728b)
Start importing Assets/Prefabs/Kiwi.prefab using Guid(34cac085d5ccd6543ac5c3637086fdb9) Importer(815301076,1909f56bfc062723c751e8b465ee728b)  -> (artifact id: '4f693d6f965ef5f250f3fc88125f295b') in 0.017407 seconds 
========================================================================
Received Import Request.
  Time since last request: 0.000015 seconds.
  path: Assets/Prefabs/Lemon.prefab
  artifactKey: Guid(187ceedf9c1db7a4cb2111bb462bf627) Importer(815301076,1909f56bfc062723c751e8b465ee728b)
Start importing Assets/Prefabs/Lemon.prefab using Guid(187ceedf9c1db7a4cb2111bb462bf627) Importer(815301076,1909f56bfc062723c751e8b465ee728b)  -> (artifact id: 'dab5bf3d884b05d2c9861a0e2bbb2f23') in 0.023430 seconds 
========================================================================
Received Import Request.
  Time since last request: 4.570474 seconds.
  path: Assets/Prefabs/Kiwi.prefab
  artifactKey: Guid(34cac085d5ccd6543ac5c3637086fdb9) Importer(815301076,1909f56bfc062723c751e8b465ee728b)
Start importing Assets/Prefabs/Kiwi.prefab using Guid(34cac085d5ccd6543ac5c3637086fdb9) Importer(815301076,1909f56bfc062723c751e8b465ee728b)  -> (artifact id: 'ee81508b73f4e3ba7f0b464fd3ed328d') in 0.019100 seconds 
========================================================================
Received Import Request.
  Time since last request: 0.000015 seconds.
  path: Assets/Prefabs/Orange.prefab
  artifactKey: Guid(be1e08230b408c74d9ec2dd31204ea07) Importer(815301076,1909f56bfc062723c751e8b465ee728b)
Start importing Assets/Prefabs/Orange.prefab using Guid(be1e08230b408c74d9ec2dd31204ea07) Importer(815301076,1909f56bfc062723c751e8b465ee728b)  -> (artifact id: '8837d523b402eafd06df9cd5eccbff3f') in 0.017695 seconds 
========================================================================
Received Import Request.
  Time since last request: 13.664502 seconds.
  path: Assets/Prefabs/Kiwi.prefab
  artifactKey: Guid(34cac085d5ccd6543ac5c3637086fdb9) Importer(815301076,1909f56bfc062723c751e8b465ee728b)
Start importing Assets/Prefabs/Kiwi.prefab using Guid(34cac085d5ccd6543ac5c3637086fdb9) Importer(815301076,1909f56bfc062723c751e8b465ee728b)  -> (artifact id: 'eaf92764373561a6aa889cf1ea6bf7a5') in 0.018809 seconds 
========================================================================
Received Import Request.
  Time since last request: 0.000016 seconds.
  path: Assets/Prefabs/Orange.prefab
  artifactKey: Guid(be1e08230b408c74d9ec2dd31204ea07) Importer(815301076,1909f56bfc062723c751e8b465ee728b)
Start importing Assets/Prefabs/Orange.prefab using Guid(be1e08230b408c74d9ec2dd31204ea07) Importer(815301076,1909f56bfc062723c751e8b465ee728b)  -> (artifact id: '6b8534f70fb39ad7a00498e6d4241ff2') in 0.018996 seconds 
========================================================================
Received Import Request.
  Time since last request: 10.615483 seconds.
  path: Assets/Prefabs/Kiwi.prefab
  artifactKey: Guid(34cac085d5ccd6543ac5c3637086fdb9) Importer(815301076,1909f56bfc062723c751e8b465ee728b)
Start importing Assets/Prefabs/Kiwi.prefab using Guid(34cac085d5ccd6543ac5c3637086fdb9) Importer(815301076,1909f56bfc062723c751e8b465ee728b)  -> (artifact id: '4875f5024a0fd2d0f9ea7c41565cbdb6') in 0.201760 seconds 
========================================================================
Received Import Request.
  Time since last request: 0.000013 seconds.
  path: Assets/Prefabs/Lemon.prefab
  artifactKey: Guid(187ceedf9c1db7a4cb2111bb462bf627) Importer(815301076,1909f56bfc062723c751e8b465ee728b)
Start importing Assets/Prefabs/Lemon.prefab using Guid(187ceedf9c1db7a4cb2111bb462bf627) Importer(815301076,1909f56bfc062723c751e8b465ee728b)  -> (artifact id: '4b086f8566573afc4e31fd69fe92489e') in 0.011458 seconds 
========================================================================
Received Import Request.
  Time since last request: 21.556718 seconds.
  path: Assets/Prefabs/Kiwi.prefab
  artifactKey: Guid(34cac085d5ccd6543ac5c3637086fdb9) Importer(815301076,1909f56bfc062723c751e8b465ee728b)
Start importing Assets/Prefabs/Kiwi.prefab using Guid(34cac085d5ccd6543ac5c3637086fdb9) Importer(815301076,1909f56bfc062723c751e8b465ee728b)  -> (artifact id: '7736b9e8c4185bf1c1d8da7ff234453e') in 0.024354 seconds 
========================================================================
Received Import Request.
  Time since last request: 0.000174 seconds.
  path: Assets/Prefabs/Lemon.prefab
  artifactKey: Guid(187ceedf9c1db7a4cb2111bb462bf627) Importer(815301076,1909f56bfc062723c751e8b465ee728b)
Start importing Assets/Prefabs/Lemon.prefab using Guid(187ceedf9c1db7a4cb2111bb462bf627) Importer(815301076,1909f56bfc062723c751e8b465ee728b)  -> (artifact id: '1de90f29ae94729e3a1d5d886b5b7fb9') in 0.013397 seconds 
========================================================================
Received Import Request.
  Time since last request: 23.587375 seconds.
  path: Assets/Prefabs/Kiwi.prefab
  artifactKey: Guid(34cac085d5ccd6543ac5c3637086fdb9) Importer(815301076,1909f56bfc062723c751e8b465ee728b)
Start importing Assets/Prefabs/Kiwi.prefab using Guid(34cac085d5ccd6543ac5c3637086fdb9) Importer(815301076,1909f56bfc062723c751e8b465ee728b)  -> (artifact id: 'ed14c787569c22bcfd433d35af67454a') in 0.041559 seconds 
========================================================================
Received Import Request.
  Time since last request: 0.000027 seconds.
  path: Assets/Prefabs/Watermelon.prefab
  artifactKey: Guid(9e4fcbd50bc02c54caf9626e631636c1) Importer(815301076,1909f56bfc062723c751e8b465ee728b)
Start importing Assets/Prefabs/Watermelon.prefab using Guid(9e4fcbd50bc02c54caf9626e631636c1) Importer(815301076,1909f56bfc062723c751e8b465ee728b)  -> (artifact id: 'cac89b19bdf69aafee5de93ea84e3fe5') in 0.011685 seconds 
========================================================================
Received Import Request.
  Time since last request: 11.219620 seconds.
  path: Assets/Prefabs/Kiwi.prefab
  artifactKey: Guid(34cac085d5ccd6543ac5c3637086fdb9) Importer(815301076,1909f56bfc062723c751e8b465ee728b)
Start importing Assets/Prefabs/Kiwi.prefab using Guid(34cac085d5ccd6543ac5c3637086fdb9) Importer(815301076,1909f56bfc062723c751e8b465ee728b)  -> (artifact id: '76364e1cb319eedfca52be98f35419f0') in 0.016962 seconds 
========================================================================
Received Import Request.
  Time since last request: 0.000016 seconds.
  path: Assets/Prefabs/Lemon.prefab
  artifactKey: Guid(187ceedf9c1db7a4cb2111bb462bf627) Importer(815301076,1909f56bfc062723c751e8b465ee728b)
Start importing Assets/Prefabs/Lemon.prefab using Guid(187ceedf9c1db7a4cb2111bb462bf627) Importer(815301076,1909f56bfc062723c751e8b465ee728b)  -> (artifact id: 'f952640f658830d3d45974c91d5a8b59') in 0.013118 seconds 
========================================================================
Received Import Request.
  Time since last request: 29.607296 seconds.
  path: Assets/Prefabs/Kiwi.prefab
  artifactKey: Guid(34cac085d5ccd6543ac5c3637086fdb9) Importer(815301076,1909f56bfc062723c751e8b465ee728b)
Start importing Assets/Prefabs/Kiwi.prefab using Guid(34cac085d5ccd6543ac5c3637086fdb9) Importer(815301076,1909f56bfc062723c751e8b465ee728b)  -> (artifact id: '5a9e4e61ead5110fb8c8402b80fa15dc') in 0.028164 seconds 
========================================================================
Received Import Request.
  Time since last request: 0.000016 seconds.
  path: Assets/Prefabs/Lemon.prefab
  artifactKey: Guid(187ceedf9c1db7a4cb2111bb462bf627) Importer(815301076,1909f56bfc062723c751e8b465ee728b)
Start importing Assets/Prefabs/Lemon.prefab using Guid(187ceedf9c1db7a4cb2111bb462bf627) Importer(815301076,1909f56bfc062723c751e8b465ee728b)  -> (artifact id: 'db154b994964d7cb5ff550c954207671') in 0.016751 seconds 
========================================================================
Received Import Request.
  Time since last request: 13.366787 seconds.
  path: Assets/Prefabs/Kiwi.prefab
  artifactKey: Guid(34cac085d5ccd6543ac5c3637086fdb9) Importer(815301076,1909f56bfc062723c751e8b465ee728b)
Start importing Assets/Prefabs/Kiwi.prefab using Guid(34cac085d5ccd6543ac5c3637086fdb9) Importer(815301076,1909f56bfc062723c751e8b465ee728b)  -> (artifact id: '7b1c0d4b1a5686d71918be111a36cebf') in 0.057392 seconds 
========================================================================
Received Import Request.
  Time since last request: 0.000015 seconds.
  path: Assets/Prefabs/Lemon.prefab
  artifactKey: Guid(187ceedf9c1db7a4cb2111bb462bf627) Importer(815301076,1909f56bfc062723c751e8b465ee728b)
Start importing Assets/Prefabs/Lemon.prefab using Guid(187ceedf9c1db7a4cb2111bb462bf627) Importer(815301076,1909f56bfc062723c751e8b465ee728b)  -> (artifact id: '7c6ab9ec3759888bf9abeae4cde2b0b3') in 0.013123 seconds 
========================================================================
Received Prepare
Registering precompiled user dll's ...
Registered in 0.003730 seconds.
Begin MonoManager ReloadAssembly
Symbol file LoadedFromMemory doesn't match image C:\Users\cfb06\Fruit Ninja\Library\PackageCache\com.unity.visualscripting@1.8.0\Editor\VisualScripting.Core\Dependencies\YamlDotNet\Unity.VisualScripting.YamlDotNet.dll
Symbol file LoadedFromMemory doesn't match image C:\Users\cfb06\Fruit Ninja\Library\PackageCache\com.unity.visualscripting@1.8.0\Editor\VisualScripting.Core\Dependencies\DotNetZip\Unity.VisualScripting.IonicZip.dll
Native extension for WindowsStandalone target not found
Native extension for Android target not found
Native extension for WebGL target not found
Refreshing native plugins compatible for Editor in 0.39 ms, found 3 plugins.
Preloading 0 native plugins for Editor in 0.00 ms.
Mono: successfully reloaded assembly
- Completed reload, in  0.766 seconds
Domain Reload Profiling:
	ReloadAssembly (767ms)
		BeginReloadAssembly (108ms)
			ExecutionOrderSort (0ms)
			DisableScriptedObjects (3ms)
			BackupInstance (0ms)
			ReleaseScriptingObjects (0ms)
			CreateAndSetChildDomain (31ms)
		EndReloadAssembly (582ms)
			LoadAssemblies (62ms)
			RebuildTransferFunctionScriptingTraits (0ms)
			SetupTypeCache (194ms)
			ReleaseScriptCaches (1ms)
			RebuildScriptCaches (33ms)
			SetupLoadedEditorAssemblies (239ms)
				LogAssemblyErrors (0ms)
				InitializePlatformSupportModulesInManaged (16ms)
				SetLoadedEditorAssemblies (0ms)
				RefreshPlugins (0ms)
				BeforeProcessingInitializeOnLoad (45ms)
				ProcessInitializeOnLoadAttributes (157ms)
				ProcessInitializeOnLoadMethodAttributes (16ms)
				AfterProcessingInitializeOnLoad (4ms)
				EditorAssembliesLoaded (0ms)
			ExecutionOrderSort2 (0ms)
			AwakeInstancesAfterBackupRestoration (5ms)
Platform modules already initialized, skipping
Refreshing native plugins compatible for Editor in 1.20 ms, found 3 plugins.
Preloading 0 native plugins for Editor in 0.00 ms.
Unloading 3045 Unused Serialized files (Serialized files now loaded: 0)
Unloading 19 unused Assets / (81.8 KB). Loaded Objects now: 3526.
Memory consumption went from 116.6 MB to 116.5 MB.
Total: 2.369900 ms (FindLiveObjects: 0.155200 ms CreateObjectMapping: 0.074300 ms MarkObjects: 2.057000 ms  DeleteObjects: 0.082400 ms)

AssetImportParameters requested are different than current active one (requested -> active):
  custom:video-decoder-ogg-theora: a1e56fd34408186e4bbccfd4996cb3dc -> 
  custom:container-muxer-webm: aa71ff27fc2769a1b78a27578f13a17b -> 
  custom:container-demuxer-webm: 4f35f7cbe854078d1ac9338744f61a02 -> 
  custom:video-encoder-webm-vp8: eb34c28f22e8b96e1ab97ce403110664 -> 
  custom:video-codec-MediaFoundation-h265: 746d11721c4dcdbdad8f713fa42b33f4 -> 
  custom:audio-encoder-webm-vorbis: bf7c407c2cedff20999df2af8eb42d56 -> 
  custom:framework-win-MediaFoundation: 216162199b28c13a410421893ffa2e32 -> 
  custom:container-demuxer-ogg: 62fdf1f143b41e24485cea50d1cbac27 -> 
  custom:video-decoder-webm-vp8: 9c59270c3fd7afecdb556c50c9e8de78 -> 
  custom:audio-decoder-ogg-vorbis: bf7c407c2cedff20999df2af8eb42d56 -> 
========================================================================
Received Import Request.
  Time since last request: 130.746966 seconds.
  path: Assets/Prefabs/Fruit_Base.prefab
  artifactKey: Guid(971380c482bad0043b71d141bb6a688f) Importer(815301076,1909f56bfc062723c751e8b465ee728b)
Start importing Assets/Prefabs/Fruit_Base.prefab using Guid(971380c482bad0043b71d141bb6a688f) Importer(815301076,1909f56bfc062723c751e8b465ee728b)  -> (artifact id: '25770d01b147ba0f5a6c4aede6f48622') in 0.075266 seconds 
========================================================================
Received Import Request.
  Time since last request: 0.000020 seconds.
  path: Assets/Prefabs/Watermelon.prefab
  artifactKey: Guid(9e4fcbd50bc02c54caf9626e631636c1) Importer(815301076,1909f56bfc062723c751e8b465ee728b)
Start importing Assets/Prefabs/Watermelon.prefab using Guid(9e4fcbd50bc02c54caf9626e631636c1) Importer(815301076,1909f56bfc062723c751e8b465ee728b)  -> (artifact id: '92ccb483d562bd47971e5a091c57c2bb') in 0.028155 seconds 
========================================================================
Received Import Request.
  Time since last request: 0.000020 seconds.
  path: Assets/Prefabs/Kiwi.prefab
  artifactKey: Guid(34cac085d5ccd6543ac5c3637086fdb9) Importer(815301076,1909f56bfc062723c751e8b465ee728b)
Start importing Assets/Prefabs/Kiwi.prefab using Guid(34cac085d5ccd6543ac5c3637086fdb9) Importer(815301076,1909f56bfc062723c751e8b465ee728b)  -> (artifact id: 'c90d72169acc11c8ee78b62b101ff049') in 0.008506 seconds 
========================================================================
Received Import Request.
  Time since last request: 32.071852 seconds.
  path: Assets/Prefabs/Fruit_Base.prefab
  artifactKey: Guid(971380c482bad0043b71d141bb6a688f) Importer(815301076,1909f56bfc062723c751e8b465ee728b)
Start importing Assets/Prefabs/Fruit_Base.prefab using Guid(971380c482bad0043b71d141bb6a688f) Importer(815301076,1909f56bfc062723c751e8b465ee728b)  -> (artifact id: '09ed39926c2ef14e236bef3b13aea8c5') in 0.121404 seconds 
========================================================================
Received Import Request.
  Time since last request: 0.000021 seconds.
  path: Assets/Prefabs/Watermelon.prefab
  artifactKey: Guid(9e4fcbd50bc02c54caf9626e631636c1) Importer(815301076,1909f56bfc062723c751e8b465ee728b)
Start importing Assets/Prefabs/Watermelon.prefab using Guid(9e4fcbd50bc02c54caf9626e631636c1) Importer(815301076,1909f56bfc062723c751e8b465ee728b)  -> (artifact id: '24a2892f229076276dfd5d01095e086c') in 0.012892 seconds 
========================================================================
Received Import Request.
  Time since last request: 0.000024 seconds.
  path: Assets/Prefabs/Lemon.prefab
  artifactKey: Guid(187ceedf9c1db7a4cb2111bb462bf627) Importer(815301076,1909f56bfc062723c751e8b465ee728b)
Start importing Assets/Prefabs/Lemon.prefab using Guid(187ceedf9c1db7a4cb2111bb462bf627) Importer(815301076,1909f56bfc062723c751e8b465ee728b)  -> (artifact id: 'c04e722fb55b28d8bf5dfb3e935138aa') in 0.011431 seconds 
========================================================================
Received Import Request.
  Time since last request: 113.918834 seconds.
  path: Assets/Prefabs/Fruit_Base.prefab
  artifactKey: Guid(971380c482bad0043b71d141bb6a688f) Importer(815301076,1909f56bfc062723c751e8b465ee728b)
Start importing Assets/Prefabs/Fruit_Base.prefab using Guid(971380c482bad0043b71d141bb6a688f) Importer(815301076,1909f56bfc062723c751e8b465ee728b)  -> (artifact id: 'eb506391e4e13837e94ff936bfefcc8d') in 0.010916 seconds 
========================================================================
Received Import Request.
  Time since last request: 0.000019 seconds.
  path: Assets/Prefabs/Watermelon.prefab
  artifactKey: Guid(9e4fcbd50bc02c54caf9626e631636c1) Importer(815301076,1909f56bfc062723c751e8b465ee728b)
Start importing Assets/Prefabs/Watermelon.prefab using Guid(9e4fcbd50bc02c54caf9626e631636c1) Importer(815301076,1909f56bfc062723c751e8b465ee728b)  -> (artifact id: 'cabcc98f0dcd2705a75d70c14f5afbe1') in 0.010804 seconds 
========================================================================
Received Import Request.
  Time since last request: 0.000028 seconds.
  path: Assets/Prefabs/Lemon.prefab
  artifactKey: Guid(187ceedf9c1db7a4cb2111bb462bf627) Importer(815301076,1909f56bfc062723c751e8b465ee728b)
Start importing Assets/Prefabs/Lemon.prefab using Guid(187ceedf9c1db7a4cb2111bb462bf627) Importer(815301076,1909f56bfc062723c751e8b465ee728b)  -> (artifact id: 'f98ec3cc8707923dc0b633a867b6f68c') in 0.010651 seconds 
Editor requested this worker to shutdown with reason: Scaling down because of idle timeout
AssetImportWorker is now disconnected from the server
Process exiting
Exiting without the bug reporter. Application will terminate with return code 0